<?xml version="1.0" encoding="UTF-8"?>
<!-- Generated by org.testng.reporters.JUnitXMLReporter -->
<testsuite hostname="Ruslan" ignored="15" name="Commander" tests="25" failures="1" timestamp="04 Jan 2019 02:44:28 GMT" time="9.533" errors="0">
  <testcase name="@AfterMethod afterEachTestMethod" time="0.499" classname="main.java.BrowserDriver">
    <failure type="org.openqa.selenium.NoSuchWindowException" message="no such window: target window already closed
from unknown error: web view not found
  (Session info: chrome=71.0.3578.98)
  (Driver info: chromedriver=2.45.615291 (ec3682e3c9061c10f26ea9e5cdcf3c53f3f74387),platform=Windows NT 10.0.17134 x86_64) (WARNING: The server did not provide any stacktrace information)
Command duration or timeout: 0 milliseconds
Build info: version: &amp;apos;3.14.0&amp;apos;, revision: &amp;apos;aacccce0&amp;apos;, time: &amp;apos;2018-08-02T20:19:58.91Z&amp;apos;
System info: host: &amp;apos;RUSLAN&amp;apos;, ip: &amp;apos;192.168.118.1&amp;apos;, os.name: &amp;apos;Windows 10&amp;apos;, os.arch: &amp;apos;amd64&amp;apos;, os.version: &amp;apos;10.0&amp;apos;, java.version: &amp;apos;1.8.0_192&amp;apos;
Driver info: org.openqa.selenium.chrome.ChromeDriver
Capabilities {acceptInsecureCerts: false, acceptSslCerts: false, applicationCacheEnabled: false, browserConnectionEnabled: false, browserName: chrome, chrome: {chromedriverVersion: 2.45.615291 (ec3682e3c9061c..., userDataDir: C:\Users\agaev\AppData\Loca...}, cssSelectorsEnabled: true, databaseEnabled: false, goog:chromeOptions: {debuggerAddress: localhost:56109}, handlesAlerts: true, hasTouchScreen: false, javascriptEnabled: true, locationContextEnabled: true, mobileEmulationEnabled: false, nativeEvents: true, networkConnectionEnabled: false, pageLoadStrategy: normal, platform: XP, platformName: XP, proxy: Proxy(), rotatable: false, setWindowRect: true, strictFileInteractability: false, takesHeapSnapshot: true, takesScreenshot: true, timeouts: {implicit: 0, pageLoad: 300000, script: 30000}, unexpectedAlertBehaviour: ignore, unhandledPromptBehavior: ignore, version: 71.0.3578.98, webStorageEnabled: true}
Session ID: 5ac33f918f2aa8ba88c041432712cde8">
      <![CDATA[org.openqa.selenium.NoSuchWindowException: no such window: target window already closed
from unknown error: web view not found
  (Session info: chrome=71.0.3578.98)
  (Driver info: chromedriver=2.45.615291 (ec3682e3c9061c10f26ea9e5cdcf3c53f3f74387),platform=Windows NT 10.0.17134 x86_64) (WARNING: The server did not provide any stacktrace information)
Command duration or timeout: 0 milliseconds
Build info: version: '3.14.0', revision: 'aacccce0', time: '2018-08-02T20:19:58.91Z'
System info: host: 'RUSLAN', ip: '192.168.118.1', os.name: 'Windows 10', os.arch: 'amd64', os.version: '10.0', java.version: '1.8.0_192'
Driver info: org.openqa.selenium.chrome.ChromeDriver
Capabilities {acceptInsecureCerts: false, acceptSslCerts: false, applicationCacheEnabled: false, browserConnectionEnabled: false, browserName: chrome, chrome: {chromedriverVersion: 2.45.615291 (ec3682e3c9061c..., userDataDir: C:\Users\agaev\AppData\Loca...}, cssSelectorsEnabled: true, databaseEnabled: false, goog:chromeOptions: {debuggerAddress: localhost:56109}, handlesAlerts: true, hasTouchScreen: false, javascriptEnabled: true, locationContextEnabled: true, mobileEmulationEnabled: false, nativeEvents: true, networkConnectionEnabled: false, pageLoadStrategy: normal, platform: XP, platformName: XP, proxy: Proxy(), rotatable: false, setWindowRect: true, strictFileInteractability: false, takesHeapSnapshot: true, takesScreenshot: true, timeouts: {implicit: 0, pageLoad: 300000, script: 30000}, unexpectedAlertBehaviour: ignore, unhandledPromptBehavior: ignore, version: 71.0.3578.98, webStorageEnabled: true}
Session ID: 5ac33f918f2aa8ba88c041432712cde8
	at org.openqa.selenium.remote.ErrorHandler.createThrowable(ErrorHandler.java:214)
	at org.openqa.selenium.remote.ErrorHandler.throwIfResponseFailed(ErrorHandler.java:166)
	at org.openqa.selenium.remote.http.JsonHttpResponseCodec.reconstructValue(JsonHttpResponseCodec.java:40)
	at org.openqa.selenium.remote.http.AbstractHttpResponseCodec.decode(AbstractHttpResponseCodec.java:80)
	at org.openqa.selenium.remote.http.AbstractHttpResponseCodec.decode(AbstractHttpResponseCodec.java:44)
	at org.openqa.selenium.remote.HttpCommandExecutor.execute(HttpCommandExecutor.java:158)
	at org.openqa.selenium.remote.service.DriverCommandExecutor.execute(DriverCommandExecutor.java:83)
	at org.openqa.selenium.remote.RemoteWebDriver.execute(RemoteWebDriver.java:548)
	at org.openqa.selenium.remote.RemoteWebDriver.execute(RemoteWebDriver.java:605)
	at org.openqa.selenium.remote.RemoteWebDriver.getScreenshotAs(RemoteWebDriver.java:294)
	at main.java.BrowserDriver.captureScreenshot(BrowserDriver.java:131)
	at main.java.BrowserDriver.afterEachTestMethod(BrowserDriver.java:68)
... Removed 35 stack frames]]>
    </failure>
  </testcase> <!-- @AfterMethod afterEachTestMethod -->
  <testcase name="@AfterMethod closeOut" time="0.0" classname="main.java.BrowserDriver">
    <skipped/>
  </testcase> <!-- @AfterMethod closeOut -->
  <testcase name="@BeforeMethod setUp" time="0.0" classname="main.java.BrowserDriver">
    <skipped/>
  </testcase> <!-- @BeforeMethod setUp -->
  <testcase name="@BeforeMethod startExtent" time="0.0" classname="main.java.BrowserDriver">
    <skipped/>
  </testcase> <!-- @BeforeMethod startExtent -->
  <testcase name="@BeforeMethod initializationOfElements" time="0.0" classname="com.commondeer.retailtest.LoginTest">
    <skipped/>
  </testcase> <!-- @BeforeMethod initializationOfElements -->
  <testcase name="@BeforeMethod setUp" time="0.0" classname="main.java.BrowserDriver">
    <skipped/>
  </testcase> <!-- @BeforeMethod setUp -->
  <testcase name="@BeforeMethod startExtent" time="0.0" classname="main.java.BrowserDriver">
    <skipped/>
  </testcase> <!-- @BeforeMethod startExtent -->
  <testcase name="@BeforeMethod initializationOfElements" time="0.0" classname="com.commondeer.retailtest.LoginTest">
    <skipped/>
  </testcase> <!-- @BeforeMethod initializationOfElements -->
  <testcase name="@BeforeMethod setUp" time="0.0" classname="main.java.BrowserDriver">
    <skipped/>
  </testcase> <!-- @BeforeMethod setUp -->
  <testcase name="@BeforeMethod startExtent" time="0.0" classname="main.java.BrowserDriver">
    <skipped/>
  </testcase> <!-- @BeforeMethod startExtent -->
  <testcase name="@BeforeMethod initializationOfElements" time="0.0" classname="com.commondeer.retailtest.LoginTest">
    <skipped/>
  </testcase> <!-- @BeforeMethod initializationOfElements -->
  <testcase name="@BeforeMethod setUp" time="0.0" classname="main.java.BrowserDriver">
    <skipped/>
  </testcase> <!-- @BeforeMethod setUp -->
  <testcase name="@BeforeMethod startExtent" time="0.0" classname="main.java.BrowserDriver">
    <skipped/>
  </testcase> <!-- @BeforeMethod startExtent -->
  <testcase name="@BeforeMethod initializationOfElements" time="0.0" classname="com.commondeer.retailtest.CustomerInformationPageTest">
    <skipped/>
  </testcase> <!-- @BeforeMethod initializationOfElements -->
  <testcase name="@BeforeMethod setUp" time="0.0" classname="main.java.BrowserDriver">
    <skipped/>
  </testcase> <!-- @BeforeMethod setUp -->
  <testcase name="@BeforeMethod startExtent" time="0.0" classname="main.java.BrowserDriver">
    <skipped/>
  </testcase> <!-- @BeforeMethod startExtent -->
  <testcase name="@BeforeMethod initializationOfElements" time="0.0" classname="com.commondeer.retailtest.CustomerInformationPageTest">
    <skipped/>
  </testcase> <!-- @BeforeMethod initializationOfElements -->
  <testcase name="@BeforeMethod setUp" time="0.0" classname="main.java.BrowserDriver">
    <skipped/>
  </testcase> <!-- @BeforeMethod setUp -->
  <testcase name="@BeforeMethod startExtent" time="0.0" classname="main.java.BrowserDriver">
    <skipped/>
  </testcase> <!-- @BeforeMethod startExtent -->
  <testcase name="@BeforeMethod initializationOfElements" time="0.0" classname="com.commondeer.retailtest.CustomerInformationPageTest">
    <skipped/>
  </testcase> <!-- @BeforeMethod initializationOfElements -->
  <testcase name="@BeforeMethod setUp" time="0.0" classname="main.java.BrowserDriver">
    <skipped/>
  </testcase> <!-- @BeforeMethod setUp -->
  <testcase name="@BeforeMethod startExtent" time="0.0" classname="main.java.BrowserDriver">
    <skipped/>
  </testcase> <!-- @BeforeMethod startExtent -->
  <testcase name="@BeforeMethod initializationOfElements" time="0.0" classname="com.commondeer.retailtest.CustomerInformationPageTest">
    <skipped/>
  </testcase> <!-- @BeforeMethod initializationOfElements -->
  <testcase name="@BeforeMethod setUp" time="0.0" classname="main.java.BrowserDriver">
    <skipped/>
  </testcase> <!-- @BeforeMethod setUp -->
  <testcase name="@BeforeMethod startExtent" time="0.0" classname="main.java.BrowserDriver">
    <skipped/>
  </testcase> <!-- @BeforeMethod startExtent -->
  <testcase name="@BeforeMethod initializationOfElements" time="0.0" classname="com.commondeer.retailtest.FootterPageTest">
    <skipped/>
  </testcase> <!-- @BeforeMethod initializationOfElements -->
  <testcase name="@BeforeMethod setUp" time="0.0" classname="main.java.BrowserDriver">
    <skipped/>
  </testcase> <!-- @BeforeMethod setUp -->
  <testcase name="@BeforeMethod startExtent" time="0.0" classname="main.java.BrowserDriver">
    <skipped/>
  </testcase> <!-- @BeforeMethod startExtent -->
  <testcase name="@BeforeMethod initializationOfElements" time="0.0" classname="com.commondeer.retailtest.GoogleSheetForLogInTest">
    <skipped/>
  </testcase> <!-- @BeforeMethod initializationOfElements -->
  <testcase name="@BeforeMethod setUp" time="0.0" classname="main.java.BrowserDriver">
    <skipped/>
  </testcase> <!-- @BeforeMethod setUp -->
  <testcase name="@BeforeMethod startExtent" time="0.0" classname="main.java.BrowserDriver">
    <skipped/>
  </testcase> <!-- @BeforeMethod startExtent -->
  <testcase name="@BeforeMethod initializationOfElements" time="0.0" classname="com.commondeer.retailtest.GoogleSheetForLogInTest">
    <skipped/>
  </testcase> <!-- @BeforeMethod initializationOfElements -->
  <testcase name="@BeforeMethod setUp" time="0.0" classname="main.java.BrowserDriver">
    <skipped/>
  </testcase> <!-- @BeforeMethod setUp -->
  <testcase name="@BeforeMethod startExtent" time="0.0" classname="main.java.BrowserDriver">
    <skipped/>
  </testcase> <!-- @BeforeMethod startExtent -->
  <testcase name="@BeforeMethod initializationOfElements" time="0.0" classname="com.commondeer.retailtest.GoogleSheetForLogInTest">
    <skipped/>
  </testcase> <!-- @BeforeMethod initializationOfElements -->
  <testcase name="@BeforeMethod setUp" time="0.0" classname="main.java.BrowserDriver">
    <skipped/>
  </testcase> <!-- @BeforeMethod setUp -->
  <testcase name="@BeforeMethod startExtent" time="0.0" classname="main.java.BrowserDriver">
    <skipped/>
  </testcase> <!-- @BeforeMethod startExtent -->
  <testcase name="@BeforeMethod initializationOfElements" time="0.0" classname="com.commondeer.retailtest.GoogleSheetForLogInTest">
    <skipped/>
  </testcase> <!-- @BeforeMethod initializationOfElements -->
  <testcase name="@BeforeMethod setUp" time="0.0" classname="main.java.BrowserDriver">
    <skipped/>
  </testcase> <!-- @BeforeMethod setUp -->
  <testcase name="@BeforeMethod startExtent" time="0.0" classname="main.java.BrowserDriver">
    <skipped/>
  </testcase> <!-- @BeforeMethod startExtent -->
  <testcase name="@BeforeMethod initializationOfElements" time="0.0" classname="com.commondeer.retailtest.HomePageTest">
    <skipped/>
  </testcase> <!-- @BeforeMethod initializationOfElements -->
  <testcase name="@BeforeMethod setUp" time="0.0" classname="main.java.BrowserDriver">
    <skipped/>
  </testcase> <!-- @BeforeMethod setUp -->
  <testcase name="@BeforeMethod startExtent" time="0.0" classname="main.java.BrowserDriver">
    <skipped/>
  </testcase> <!-- @BeforeMethod startExtent -->
  <testcase name="@BeforeMethod initializationOfElements" time="0.0" classname="com.commondeer.retailtest.HomePageTest">
    <skipped/>
  </testcase> <!-- @BeforeMethod initializationOfElements -->
  <testcase name="@BeforeMethod setUp" time="0.0" classname="main.java.BrowserDriver">
    <skipped/>
  </testcase> <!-- @BeforeMethod setUp -->
  <testcase name="@BeforeMethod startExtent" time="0.0" classname="main.java.BrowserDriver">
    <skipped/>
  </testcase> <!-- @BeforeMethod startExtent -->
  <testcase name="@BeforeMethod initializationOfElements" time="0.0" classname="com.commondeer.retailtest.AllProductPageTest">
    <skipped/>
  </testcase> <!-- @BeforeMethod initializationOfElements -->
  <testcase name="@BeforeMethod setUp" time="0.0" classname="main.java.BrowserDriver">
    <skipped/>
  </testcase> <!-- @BeforeMethod setUp -->
  <testcase name="@BeforeMethod startExtent" time="0.0" classname="main.java.BrowserDriver">
    <skipped/>
  </testcase> <!-- @BeforeMethod startExtent -->
  <testcase name="@BeforeMethod initializationOfElements" time="0.0" classname="com.commondeer.retailtest.HomePageTest">
    <skipped/>
  </testcase> <!-- @BeforeMethod initializationOfElements -->
  <testcase name="@BeforeMethod setUp" time="0.0" classname="main.java.BrowserDriver">
    <skipped/>
  </testcase> <!-- @BeforeMethod setUp -->
  <testcase name="@BeforeMethod startExtent" time="0.0" classname="main.java.BrowserDriver">
    <skipped/>
  </testcase> <!-- @BeforeMethod startExtent -->
  <testcase name="@BeforeMethod initializationOfElements" time="0.0" classname="com.commondeer.retailtest.CreateAccountTest">
    <skipped/>
  </testcase> <!-- @BeforeMethod initializationOfElements -->
  <testcase name="@BeforeMethod setUp" time="0.0" classname="main.java.BrowserDriver">
    <skipped/>
  </testcase> <!-- @BeforeMethod setUp -->
  <testcase name="@BeforeMethod startExtent" time="0.0" classname="main.java.BrowserDriver">
    <skipped/>
  </testcase> <!-- @BeforeMethod startExtent -->
  <testcase name="@BeforeMethod initializationOfElements" time="0.0" classname="com.commondeer.retailtest.AllProductPageTest">
    <skipped/>
  </testcase> <!-- @BeforeMethod initializationOfElements -->
  <testcase name="@BeforeMethod setUp" time="0.0" classname="main.java.BrowserDriver">
    <skipped/>
  </testcase> <!-- @BeforeMethod setUp -->
  <testcase name="@BeforeMethod startExtent" time="0.0" classname="main.java.BrowserDriver">
    <skipped/>
  </testcase> <!-- @BeforeMethod startExtent -->
  <testcase name="@BeforeMethod initializationOfElements" time="0.0" classname="com.commondeer.retailtest.HomePageTest">
    <skipped/>
  </testcase> <!-- @BeforeMethod initializationOfElements -->
  <testcase name="@BeforeMethod setUp" time="0.0" classname="main.java.BrowserDriver">
    <skipped/>
  </testcase> <!-- @BeforeMethod setUp -->
  <testcase name="@BeforeMethod startExtent" time="0.0" classname="main.java.BrowserDriver">
    <skipped/>
  </testcase> <!-- @BeforeMethod startExtent -->
  <testcase name="@BeforeMethod initializationOfElements" time="0.0" classname="com.commondeer.retailtest.AllProductPageTest">
    <skipped/>
  </testcase> <!-- @BeforeMethod initializationOfElements -->
  <testcase name="@BeforeMethod setUp" time="0.0" classname="main.java.BrowserDriver">
    <skipped/>
  </testcase> <!-- @BeforeMethod setUp -->
  <testcase name="@BeforeMethod startExtent" time="0.0" classname="main.java.BrowserDriver">
    <skipped/>
  </testcase> <!-- @BeforeMethod startExtent -->
  <testcase name="@BeforeMethod initializationOfElements" time="0.0" classname="com.commondeer.retailtest.HomePageTest">
    <skipped/>
  </testcase> <!-- @BeforeMethod initializationOfElements -->
  <testcase name="@BeforeMethod setUp" time="0.0" classname="main.java.BrowserDriver">
    <skipped/>
  </testcase> <!-- @BeforeMethod setUp -->
  <testcase name="@BeforeMethod startExtent" time="0.0" classname="main.java.BrowserDriver">
    <skipped/>
  </testcase> <!-- @BeforeMethod startExtent -->
  <testcase name="@BeforeMethod initializationOfElements" time="0.0" classname="com.commondeer.retailtest.AllProductPageTest">
    <skipped/>
  </testcase> <!-- @BeforeMethod initializationOfElements -->
  <testcase name="@BeforeMethod setUp" time="0.0" classname="main.java.BrowserDriver">
    <skipped/>
  </testcase> <!-- @BeforeMethod setUp -->
  <testcase name="@BeforeMethod startExtent" time="0.0" classname="main.java.BrowserDriver">
    <skipped/>
  </testcase> <!-- @BeforeMethod startExtent -->
  <testcase name="@BeforeMethod initializationOfElements" time="0.0" classname="com.commondeer.retailtest.HomePageTest">
    <skipped/>
  </testcase> <!-- @BeforeMethod initializationOfElements -->
  <testcase name="@BeforeMethod setUp" time="0.0" classname="main.java.BrowserDriver">
    <skipped/>
  </testcase> <!-- @BeforeMethod setUp -->
  <testcase name="@BeforeMethod startExtent" time="0.0" classname="main.java.BrowserDriver">
    <skipped/>
  </testcase> <!-- @BeforeMethod startExtent -->
  <testcase name="@BeforeMethod initializationOfElements" time="0.0" classname="com.commondeer.retailtest.ShoppingCardTest">
    <skipped/>
  </testcase> <!-- @BeforeMethod initializationOfElements -->
  <testcase name="changePageTest" time="1.065" classname="com.commondeer.retailtest.HomePageTest">
    <failure type="org.openqa.selenium.NoSuchWindowException" message="no such window: target window already closed
from unknown error: web view not found
  (Session info: chrome=71.0.3578.98)
  (Driver info: chromedriver=2.45.615291 (ec3682e3c9061c10f26ea9e5cdcf3c53f3f74387),platform=Windows NT 10.0.17134 x86_64) (WARNING: The server did not provide any stacktrace information)
Command duration or timeout: 0 milliseconds
Build info: version: &amp;apos;3.14.0&amp;apos;, revision: &amp;apos;aacccce0&amp;apos;, time: &amp;apos;2018-08-02T20:19:58.91Z&amp;apos;
System info: host: &amp;apos;RUSLAN&amp;apos;, ip: &amp;apos;192.168.118.1&amp;apos;, os.name: &amp;apos;Windows 10&amp;apos;, os.arch: &amp;apos;amd64&amp;apos;, os.version: &amp;apos;10.0&amp;apos;, java.version: &amp;apos;1.8.0_192&amp;apos;
Driver info: org.openqa.selenium.chrome.ChromeDriver
Capabilities {acceptInsecureCerts: false, acceptSslCerts: false, applicationCacheEnabled: false, browserConnectionEnabled: false, browserName: chrome, chrome: {chromedriverVersion: 2.45.615291 (ec3682e3c9061c..., userDataDir: C:\Users\agaev\AppData\Loca...}, cssSelectorsEnabled: true, databaseEnabled: false, goog:chromeOptions: {debuggerAddress: localhost:56109}, handlesAlerts: true, hasTouchScreen: false, javascriptEnabled: true, locationContextEnabled: true, mobileEmulationEnabled: false, nativeEvents: true, networkConnectionEnabled: false, pageLoadStrategy: normal, platform: XP, platformName: XP, proxy: Proxy(), rotatable: false, setWindowRect: true, strictFileInteractability: false, takesHeapSnapshot: true, takesScreenshot: true, timeouts: {implicit: 0, pageLoad: 300000, script: 30000}, unexpectedAlertBehaviour: ignore, unhandledPromptBehavior: ignore, version: 71.0.3578.98, webStorageEnabled: true}
Session ID: 5ac33f918f2aa8ba88c041432712cde8
*** Element info: {Using=xpath, value=//ul[@class=&amp;apos;pagination&amp;apos;]//li}">
      <![CDATA[org.openqa.selenium.NoSuchWindowException: no such window: target window already closed
from unknown error: web view not found
  (Session info: chrome=71.0.3578.98)
  (Driver info: chromedriver=2.45.615291 (ec3682e3c9061c10f26ea9e5cdcf3c53f3f74387),platform=Windows NT 10.0.17134 x86_64) (WARNING: The server did not provide any stacktrace information)
Command duration or timeout: 0 milliseconds
Build info: version: '3.14.0', revision: 'aacccce0', time: '2018-08-02T20:19:58.91Z'
System info: host: 'RUSLAN', ip: '192.168.118.1', os.name: 'Windows 10', os.arch: 'amd64', os.version: '10.0', java.version: '1.8.0_192'
Driver info: org.openqa.selenium.chrome.ChromeDriver
Capabilities {acceptInsecureCerts: false, acceptSslCerts: false, applicationCacheEnabled: false, browserConnectionEnabled: false, browserName: chrome, chrome: {chromedriverVersion: 2.45.615291 (ec3682e3c9061c..., userDataDir: C:\Users\agaev\AppData\Loca...}, cssSelectorsEnabled: true, databaseEnabled: false, goog:chromeOptions: {debuggerAddress: localhost:56109}, handlesAlerts: true, hasTouchScreen: false, javascriptEnabled: true, locationContextEnabled: true, mobileEmulationEnabled: false, nativeEvents: true, networkConnectionEnabled: false, pageLoadStrategy: normal, platform: XP, platformName: XP, proxy: Proxy(), rotatable: false, setWindowRect: true, strictFileInteractability: false, takesHeapSnapshot: true, takesScreenshot: true, timeouts: {implicit: 0, pageLoad: 300000, script: 30000}, unexpectedAlertBehaviour: ignore, unhandledPromptBehavior: ignore, version: 71.0.3578.98, webStorageEnabled: true}
Session ID: 5ac33f918f2aa8ba88c041432712cde8
*** Element info: {Using=xpath, value=//ul[@class='pagination']//li}
	at org.openqa.selenium.remote.ErrorHandler.createThrowable(ErrorHandler.java:214)
	at org.openqa.selenium.remote.ErrorHandler.throwIfResponseFailed(ErrorHandler.java:166)
	at org.openqa.selenium.remote.http.JsonHttpResponseCodec.reconstructValue(JsonHttpResponseCodec.java:40)
	at org.openqa.selenium.remote.http.AbstractHttpResponseCodec.decode(AbstractHttpResponseCodec.java:80)
	at org.openqa.selenium.remote.http.AbstractHttpResponseCodec.decode(AbstractHttpResponseCodec.java:44)
	at org.openqa.selenium.remote.HttpCommandExecutor.execute(HttpCommandExecutor.java:158)
	at org.openqa.selenium.remote.service.DriverCommandExecutor.execute(DriverCommandExecutor.java:83)
	at org.openqa.selenium.remote.RemoteWebDriver.execute(RemoteWebDriver.java:548)
	at org.openqa.selenium.remote.RemoteWebDriver.findElements(RemoteWebDriver.java:349)
	at org.openqa.selenium.remote.RemoteWebDriver.findElementsByXPath(RemoteWebDriver.java:428)
	at org.openqa.selenium.By$ByXPath.findElements(By.java:348)
	at org.openqa.selenium.remote.RemoteWebDriver.findElements(RemoteWebDriver.java:310)
	at org.openqa.selenium.support.pagefactory.DefaultElementLocator.findElements(DefaultElementLocator.java:85)
	at org.openqa.selenium.support.pagefactory.internal.LocatingElementListHandler.invoke(LocatingElementListHandler.java:36)
	at com.sun.proxy.$Proxy13.size(Unknown Source)
	at com.commondeer.retail.HomePage.changePage(HomePage.java:78)
	at com.commondeer.retailtest.HomePageTest.changePageTest(HomePageTest.java:26)
... Removed 33 stack frames]]>
    </failure>
  </testcase> <!-- changePageTest -->
  <testcase name="invalidSignin" time="0.0" classname="com.commondeer.retailtest.LoginTest">
    <skipped/>
  </testcase> <!-- invalidSignin -->
  <testcase name="invalidSignin" time="0.0" classname="com.commondeer.retailtest.LoginTest">
    <skipped/>
  </testcase> <!-- invalidSignin -->
  <testcase name="invalidSignin" time="0.0" classname="com.commondeer.retailtest.LoginTest">
    <skipped/>
  </testcase> <!-- invalidSignin -->
  <testcase name="invalidPromoCode" time="0.0" classname="com.commondeer.retailtest.CustomerInformationPageTest">
    <skipped/>
  </testcase> <!-- invalidPromoCode -->
  <testcase name="invalidPromoCode" time="0.0" classname="com.commondeer.retailtest.CustomerInformationPageTest">
    <skipped/>
  </testcase> <!-- invalidPromoCode -->
  <testcase name="invalidPromoCode" time="0.0" classname="com.commondeer.retailtest.CustomerInformationPageTest">
    <skipped/>
  </testcase> <!-- invalidPromoCode -->
  <testcase name="invalidPromoCode" time="0.0" classname="com.commondeer.retailtest.CustomerInformationPageTest">
    <skipped/>
  </testcase> <!-- invalidPromoCode -->
  <testcase name="countLiTest" time="0.0" classname="com.commondeer.retailtest.FootterPageTest">
    <skipped/>
  </testcase> <!-- countLiTest -->
  <testcase name="invalidSignin" time="0.0" classname="com.commondeer.retailtest.GoogleSheetForLogInTest">
    <skipped/>
  </testcase> <!-- invalidSignin -->
  <testcase name="invalidSignin" time="0.0" classname="com.commondeer.retailtest.GoogleSheetForLogInTest">
    <skipped/>
  </testcase> <!-- invalidSignin -->
  <testcase name="invalidSignin" time="0.0" classname="com.commondeer.retailtest.GoogleSheetForLogInTest">
    <skipped/>
  </testcase> <!-- invalidSignin -->
  <testcase name="invalidSignin" time="0.0" classname="com.commondeer.retailtest.GoogleSheetForLogInTest">
    <skipped/>
  </testcase> <!-- invalidSignin -->
  <testcase name="goToAccessoriesNHatsTest" time="0.0" classname="com.commondeer.retailtest.HomePageTest">
    <skipped/>
  </testcase> <!-- goToAccessoriesNHatsTest -->
  <testcase name="searchTest" time="0.0" classname="com.commondeer.retailtest.HomePageTest">
    <skipped/>
  </testcase> <!-- searchTest -->
  <testcase name="sortByTest" time="0.0" classname="com.commondeer.retailtest.AllProductPageTest">
    <skipped/>
  </testcase> <!-- sortByTest -->
  <testcase name="dropDownSearchFuncTest" time="0.0" classname="com.commondeer.retailtest.HomePageTest">
    <skipped/>
  </testcase> <!-- dropDownSearchFuncTest -->
  <testcase name="createNewAccountTest" time="0.0" classname="com.commondeer.retailtest.CreateAccountTest">
    <skipped/>
  </testcase> <!-- createNewAccountTest -->
  <testcase name="selectItemToshoppingListTest" time="0.0" classname="com.commondeer.retailtest.AllProductPageTest">
    <skipped/>
  </testcase> <!-- selectItemToshoppingListTest -->
  <testcase name="slidePictutesTest" time="0.0" classname="com.commondeer.retailtest.HomePageTest">
    <skipped/>
  </testcase> <!-- slidePictutesTest -->
  <testcase name="changeViewTest" time="0.0" classname="com.commondeer.retailtest.AllProductPageTest">
    <skipped/>
  </testcase> <!-- changeViewTest -->
  <testcase name="clickOnNewlyOnlineTest" time="0.0" classname="com.commondeer.retailtest.HomePageTest">
    <skipped/>
  </testcase> <!-- clickOnNewlyOnlineTest -->
  <testcase name="changePageTest" time="0.0" classname="com.commondeer.retailtest.AllProductPageTest">
    <skipped/>
  </testcase> <!-- changePageTest -->
  <testcase name="searchPageTest" time="0.0" classname="com.commondeer.retailtest.HomePageTest">
    <skipped/>
  </testcase> <!-- searchPageTest -->
  <testcase name="checkOutFuncTest" time="0.0" classname="com.commondeer.retailtest.ShoppingCardTest">
    <skipped/>
  </testcase> <!-- checkOutFuncTest -->
  <testcase name="@AfterSuite generateReport" time="0.0" classname="main.java.BrowserDriver">
    <ignored/>
  </testcase> <!-- @AfterSuite generateReport -->
  <testcase name="@AfterSuite generateReport" time="0.0" classname="main.java.BrowserDriver">
    <ignored/>
  </testcase> <!-- @AfterSuite generateReport -->
  <testcase name="@AfterSuite generateReport" time="0.0" classname="main.java.BrowserDriver">
    <ignored/>
  </testcase> <!-- @AfterSuite generateReport -->
  <testcase name="@AfterSuite generateReport" time="0.0" classname="main.java.BrowserDriver">
    <ignored/>
  </testcase> <!-- @AfterSuite generateReport -->
  <testcase name="@AfterSuite generateReport" time="0.0" classname="main.java.BrowserDriver">
    <ignored/>
  </testcase> <!-- @AfterSuite generateReport -->
  <testcase name="@AfterSuite generateReport" time="0.0" classname="main.java.BrowserDriver">
    <ignored/>
  </testcase> <!-- @AfterSuite generateReport -->
  <testcase name="@AfterSuite generateReport" time="0.0" classname="main.java.BrowserDriver">
    <ignored/>
  </testcase> <!-- @AfterSuite generateReport -->
  <testcase name="@BeforeSuite extentSetup" time="0.0" classname="main.java.BrowserDriver">
    <ignored/>
  </testcase> <!-- @BeforeSuite extentSetup -->
  <testcase name="@BeforeSuite extentSetup" time="0.0" classname="main.java.BrowserDriver">
    <ignored/>
  </testcase> <!-- @BeforeSuite extentSetup -->
  <testcase name="@BeforeSuite extentSetup" time="0.0" classname="main.java.BrowserDriver">
    <ignored/>
  </testcase> <!-- @BeforeSuite extentSetup -->
  <testcase name="@BeforeSuite extentSetup" time="0.0" classname="main.java.BrowserDriver">
    <ignored/>
  </testcase> <!-- @BeforeSuite extentSetup -->
  <testcase name="@BeforeSuite extentSetup" time="0.0" classname="main.java.BrowserDriver">
    <ignored/>
  </testcase> <!-- @BeforeSuite extentSetup -->
  <testcase name="@BeforeSuite extentSetup" time="0.0" classname="main.java.BrowserDriver">
    <ignored/>
  </testcase> <!-- @BeforeSuite extentSetup -->
  <testcase name="@BeforeSuite extentSetup" time="0.0" classname="main.java.BrowserDriver">
    <ignored/>
  </testcase> <!-- @BeforeSuite extentSetup -->
  <testcase name="invalidSigninByGoogleSheetApi" time="0.0" classname="com.commondeer.retailtest.GoogleSheetForLogInTest">
    <ignored/>
  </testcase> <!-- invalidSigninByGoogleSheetApi -->
</testsuite> <!-- Commander -->
